2025-08-04T08:58:22.158Z Signed request for /orders > Get all orders > 200 > application/json
2025-08-04T08:58:22.523Z Transaction: /orders > Get all orders > 200 > application/json - Expected 200
2025-08-04T08:58:22.525Z Signed request for /orders > Get all orders > 500 > application/json
2025-08-04T08:58:22.645Z Transaction: /orders > Get all orders > 500 > application/json - Expected 500
2025-08-04T08:58:22.645Z Skipping /orders > Get all orders > 500 > application/json → Expected 500
2025-08-04T08:58:22.650Z Signed request for /orders > Create a new order > 201 > application/json
2025-08-04T08:58:22.814Z Transaction: /orders > Create a new order > 201 > application/json - Expected 201
2025-08-04T08:58:22.817Z Signed request for /orders > Create a new order > 400 > application/json
2025-08-04T08:58:22.964Z Transaction: /orders > Create a new order > 400 > application/json - Expected 400
2025-08-04T09:02:36.228Z Signed request for /orders > Get all orders > 200 > application/json
2025-08-04T09:02:36.611Z Transaction: /orders > Get all orders > 200 > application/json - Expected 200
2025-08-04T09:02:36.614Z Signed request for /orders > Get all orders > 500 > application/json
2025-08-04T09:02:36.797Z Transaction: /orders > Get all orders > 500 > application/json - Expected 500
2025-08-04T09:02:36.798Z Skipping /orders > Get all orders > 500 > application/json → Expected 500
2025-08-04T09:02:36.803Z Signed request for /orders > Create a new order > 201 > application/json
2025-08-04T09:02:36.923Z Transaction: /orders > Create a new order > 201 > application/json - Expected 201
2025-08-04T09:02:36.926Z Signed request for /orders > Create a new order > 400 > application/json
2025-08-04T09:02:37.051Z Transaction: /orders > Create a new order > 400 > application/json - Expected 400
2025-08-04T09:13:52.690Z Signed request for /orders > Get all orders > 200 > application/json
2025-08-04T09:13:53.077Z Transaction: /orders > Get all orders > 200 > application/json - Expected 200
2025-08-04T09:13:53.080Z Signed request for /orders > Get all orders > 500 > application/json
2025-08-04T09:13:53.201Z Transaction: /orders > Get all orders > 500 > application/json - Expected 500
2025-08-04T09:13:53.201Z Skipping /orders > Get all orders > 500 > application/json → Expected 500
2025-08-04T09:13:53.206Z Signed request for /orders > Create a new order > 201 > application/json
2025-08-04T09:13:53.292Z Transaction: /orders > Create a new order > 201 > application/json - Expected 201
2025-08-04T09:13:53.296Z Signed request for /orders > Create a new order > 400 > application/json
2025-08-04T09:13:53.400Z Transaction: /orders > Create a new order > 400 > application/json - Expected 400
2025-08-04T09:18:49.692Z Signed request for /orders > Get all orders > 200 > application/json
2025-08-04T09:18:50.129Z Transaction: /orders > Get all orders > 200 > application/json - Expected 200
2025-08-04T09:18:50.132Z Signed request for /orders > Get all orders > 500 > application/json
2025-08-04T09:18:50.296Z Transaction: /orders > Get all orders > 500 > application/json - Expected 500
2025-08-04T09:18:50.296Z Skipping /orders > Get all orders > 500 > application/json → Expected 500
2025-08-04T09:18:50.301Z Signed request for /orders > Create a new order > 201 > application/json
2025-08-04T09:18:50.531Z Transaction: /orders > Create a new order > 201 > application/json - Expected 201
2025-08-04T09:18:50.535Z Signed request for /orders > Create a new order > 400 > application/json
2025-08-04T09:18:50.658Z Transaction: /orders > Create a new order > 400 > application/json - Expected 400
2025-08-04T09:18:59.409Z Signed request for /orders > Get all orders > 200 > application/json
2025-08-04T09:18:59.825Z Transaction: /orders > Get all orders > 200 > application/json - Expected 200
2025-08-04T09:18:59.828Z Signed request for /orders > Get all orders > 500 > application/json
2025-08-04T09:18:59.964Z Transaction: /orders > Get all orders > 500 > application/json - Expected 500
2025-08-04T09:18:59.964Z Skipping /orders > Get all orders > 500 > application/json → Expected 500
2025-08-04T09:18:59.970Z Signed request for /orders > Create a new order > 201 > application/json
2025-08-04T09:19:00.095Z Transaction: /orders > Create a new order > 201 > application/json - Expected 201
2025-08-04T09:19:00.098Z Signed request for /orders > Create a new order > 400 > application/json
2025-08-04T09:19:00.218Z Transaction: /orders > Create a new order > 400 > application/json - Expected 400
2025-08-04T09:19:20.617Z Signed request for /orders > Get all orders > 200 > application/json
2025-08-04T09:19:22.525Z Transaction: /orders > Get all orders > 200 > application/json - Expected 200
2025-08-04T09:19:22.529Z Signed request for /orders > Get all orders > 500 > application/json
2025-08-04T09:19:22.913Z Transaction: /orders > Get all orders > 500 > application/json - Expected 500
2025-08-04T09:19:22.913Z Skipping /orders > Get all orders > 500 > application/json → Expected 500
2025-08-04T09:19:22.919Z Signed request for /orders > Create a new order > 201 > application/json
2025-08-04T09:19:24.434Z Transaction: /orders > Create a new order > 201 > application/json - Expected 201
2025-08-04T09:19:24.436Z Signed request for /orders > Create a new order > 400 > application/json
2025-08-04T09:19:24.770Z Transaction: /orders > Create a new order > 400 > application/json - Expected 400
2025-08-04T09:20:07.559Z Signed request for /orders > Get all orders > 200 > application/json
2025-08-04T09:20:08.127Z Transaction: /orders > Get all orders > 200 > application/json - Expected 200
2025-08-04T09:20:08.130Z Signed request for /orders > Get all orders > 500 > application/json
2025-08-04T09:20:08.529Z Transaction: /orders > Get all orders > 500 > application/json - Expected 500
2025-08-04T09:20:08.530Z Skipping /orders > Get all orders > 500 > application/json → Expected 500
2025-08-04T09:20:08.537Z Signed request for /orders > Create a new order > 201 > application/json
2025-08-04T09:20:09.015Z Transaction: /orders > Create a new order > 201 > application/json - Expected 201
2025-08-04T09:20:09.019Z Signed request for /orders > Create a new order > 400 > application/json
2025-08-04T09:20:09.313Z Transaction: /orders > Create a new order > 400 > application/json - Expected 400
2025-08-04T09:23:09.403Z Signed request for /orders > Get all orders > 200 > application/json
2025-08-04T09:23:11.199Z Transaction: /orders > Get all orders > 200 > application/json - Expected 200
2025-08-04T09:23:11.203Z Signed request for /orders > Get all orders > 500 > application/json
2025-08-04T09:23:11.451Z Transaction: /orders > Get all orders > 500 > application/json - Expected 500
2025-08-04T09:23:11.451Z Skipping /orders > Get all orders > 500 > application/json → Expected 500
2025-08-04T09:23:11.456Z Signed request for /orders > Create a new order > 201 > application/json
2025-08-04T09:23:12.821Z Transaction: /orders > Create a new order > 201 > application/json - Expected 201
2025-08-04T09:23:12.823Z Signed request for /orders > Create a new order > 400 > application/json
2025-08-04T09:23:13.000Z Transaction: /orders > Create a new order > 400 > application/json - Expected 400
2025-08-04T09:23:31.105Z Signed request for /orders > Get all orders > 200 > application/json
2025-08-04T09:23:31.832Z Transaction: /orders > Get all orders > 200 > application/json - Expected 200
2025-08-04T09:23:31.835Z Signed request for /orders > Get all orders > 500 > application/json
2025-08-04T09:23:32.218Z Transaction: /orders > Get all orders > 500 > application/json - Expected 500
2025-08-04T09:23:32.218Z Skipping /orders > Get all orders > 500 > application/json → Expected 500
2025-08-04T09:23:32.223Z Signed request for /orders > Create a new order > 201 > application/json
2025-08-04T09:23:32.579Z Transaction: /orders > Create a new order > 201 > application/json - Expected 201
2025-08-04T09:23:32.581Z Signed request for /orders > Create a new order > 400 > application/json
2025-08-04T09:23:32.807Z Transaction: /orders > Create a new order > 400 > application/json - Expected 400
2025-08-04T09:43:47.204Z Signed request for /orders > Get all orders > 200 > application/json
2025-08-04T09:43:49.102Z Transaction: /orders > Get all orders > 200 > application/json - Expected 200
2025-08-04T09:43:49.105Z Signed request for /orders > Get all orders > 500 > application/json
2025-08-04T09:43:49.449Z Transaction: /orders > Get all orders > 500 > application/json - Expected 500
2025-08-04T09:43:49.449Z Skipping /orders > Get all orders > 500 > application/json → Expected 500
2025-08-04T09:43:49.454Z Signed request for /orders > Create a new order > 201 > application/json
2025-08-04T09:43:51.129Z Transaction: /orders > Create a new order > 201 > application/json - Expected 201
2025-08-04T09:43:51.132Z Signed request for /orders > Create a new order > 400 > application/json
2025-08-04T09:43:51.431Z Transaction: /orders > Create a new order > 400 > application/json - Expected 400
2025-08-04T09:46:10.529Z Signed request for /orders > Get all orders > 200 > application/json
2025-08-04T09:46:11.249Z Transaction: /orders > Get all orders > 200 > application/json - Expected 200
2025-08-04T09:46:11.252Z Signed request for /orders > Get all orders > 500 > application/json
2025-08-04T09:46:11.522Z Transaction: /orders > Get all orders > 500 > application/json - Expected 500
2025-08-04T09:46:11.523Z Skipping /orders > Get all orders > 500 > application/json → Expected 500
2025-08-04T09:46:11.528Z Signed request for /orders > Create a new order > 201 > application/json
2025-08-04T09:46:11.942Z Transaction: /orders > Create a new order > 201 > application/json - Expected 201
2025-08-04T09:46:11.946Z Signed request for /orders > Create a new order > 400 > application/json
2025-08-04T09:46:12.239Z Transaction: /orders > Create a new order > 400 > application/json - Expected 400
2025-08-04T09:49:56.750Z Signed request for /orders > Get all orders > 200 > application/json
2025-08-04T09:49:57.457Z Transaction: /orders > Get all orders > 200 > application/json - Expected 200
2025-08-04T09:49:57.460Z Signed request for /orders > Get all orders > 500 > application/json
2025-08-04T09:49:57.852Z Transaction: /orders > Get all orders > 500 > application/json - Expected 500
2025-08-04T09:49:57.852Z Skipping /orders > Get all orders > 500 > application/json → Expected 500
2025-08-04T09:49:57.857Z Signed request for /orders > Create a new order > 201 > application/json
2025-08-04T09:49:58.253Z Transaction: /orders > Create a new order > 201 > application/json - Expected 201
2025-08-04T09:49:58.256Z Signed request for /orders > Create a new order > 400 > application/json
2025-08-04T09:49:58.499Z Transaction: /orders > Create a new order > 400 > application/json - Expected 400
2025-08-04T09:58:06.498Z Signed request for /orders > Get all orders > 200 > application/json
2025-08-04T09:58:08.427Z Transaction: /orders > Get all orders > 200 > application/json - Expected 200
2025-08-04T09:58:08.430Z Signed request for /orders > Get all orders > 500 > application/json
2025-08-04T09:58:08.995Z Transaction: /orders > Get all orders > 500 > application/json - Expected 500
2025-08-04T09:58:08.995Z Skipping /orders > Get all orders > 500 > application/json → Expected 500
2025-08-04T09:58:09.000Z Signed request for /orders > Create a new order > 201 > application/json
2025-08-04T09:58:10.641Z Transaction: /orders > Create a new order > 201 > application/json - Expected 201
2025-08-04T09:58:10.644Z Signed request for /orders > Create a new order > 400 > application/json
2025-08-04T09:58:10.923Z Transaction: /orders > Create a new order > 400 > application/json - Expected 400
2025-08-04T10:06:02.732Z Signed request for /orders > Get all orders > 200 > application/json
2025-08-04T10:06:04.881Z Transaction: /orders > Get all orders > 200 > application/json - Expected 200
2025-08-04T10:06:04.883Z Signed request for /orders > Get all orders > 500 > application/json
2025-08-04T10:06:05.269Z Transaction: /orders > Get all orders > 500 > application/json - Expected 500
2025-08-04T10:06:05.269Z Skipping /orders > Get all orders > 500 > application/json → Expected 500
2025-08-04T10:06:05.274Z Signed request for /orders > Create a new order > 201 > application/json
2025-08-04T10:06:07.461Z Transaction: /orders > Create a new order > 201 > application/json - Expected 201
2025-08-04T10:06:07.465Z Signed request for /orders > Create a new order > 400 > application/json
2025-08-04T10:06:07.826Z Transaction: /orders > Create a new order > 400 > application/json - Expected 400
2025-08-04T10:12:41.694Z Signed request for /orders > Get all orders > 200 > application/json
2025-08-04T10:12:48.615Z Transaction: /orders > Get all orders > 200 > application/json - Expected 200
2025-08-04T10:12:48.618Z Signed request for /orders > Get all orders > 500 > application/json
2025-08-04T10:12:48.935Z Transaction: /orders > Get all orders > 500 > application/json - Expected 500
2025-08-04T10:12:48.935Z Skipping /orders > Get all orders > 500 > application/json → Expected 500
2025-08-04T10:12:48.940Z Signed request for /orders > Create a new order > 201 > application/json
2025-08-04T10:12:50.661Z Transaction: /orders > Create a new order > 201 > application/json - Expected 201
2025-08-04T10:12:50.664Z Signed request for /orders > Create a new order > 400 > application/json
2025-08-04T10:12:50.902Z Transaction: /orders > Create a new order > 400 > application/json - Expected 400
2025-08-04T10:40:02.795Z Signed request for /orders > Get all orders > 200 > application/json
2025-08-04T10:40:04.949Z Transaction: /orders > Get all orders > 200 > application/json - Expected 200
2025-08-04T10:40:04.953Z Signed request for /orders > Get all orders > 500 > application/json
2025-08-04T10:40:05.245Z Transaction: /orders > Get all orders > 500 > application/json - Expected 500
2025-08-04T10:40:05.245Z Skipping /orders > Get all orders > 500 > application/json → Expected 500
2025-08-04T10:40:05.251Z Signed request for /orders > Create a new order > 201 > application/json
2025-08-04T10:40:07.084Z Transaction: /orders > Create a new order > 201 > application/json - Expected 201
2025-08-04T10:40:07.088Z Signed request for /orders > Create a new order > 400 > application/json
2025-08-04T10:40:07.489Z Transaction: /orders > Create a new order > 400 > application/json - Expected 400
2025-08-04T11:03:55.209Z Signed request for /orders > Get all orders > 200 > application/json
2025-08-04T11:03:56.942Z Transaction: /orders > Get all orders > 200 > application/json - Expected 200
2025-08-04T11:03:56.945Z Signed request for /orders > Get all orders > 500 > application/json
2025-08-04T11:03:57.401Z Transaction: /orders > Get all orders > 500 > application/json - Expected 500
2025-08-04T11:03:57.401Z Skipping /orders > Get all orders > 500 > application/json → Expected 500
2025-08-04T11:03:57.404Z Signed request for /orders > Create a new order > 201 > application/json
2025-08-04T11:03:59.440Z Transaction: /orders > Create a new order > 201 > application/json - Expected 201
2025-08-04T11:03:59.442Z Signed request for /orders > Create a new order > 400 > application/json
2025-08-04T11:03:59.946Z Transaction: /orders > Create a new order > 400 > application/json - Expected 400
2025-08-04T12:03:29.084Z Signed request for /orders > Get all orders > 200 > application/json
2025-08-04T12:03:31.425Z Transaction: /orders > Get all orders > 200 > application/json - Expected 200
2025-08-04T12:03:31.427Z Signed request for /orders > Get all orders > 500 > application/json
2025-08-04T12:03:31.676Z Transaction: /orders > Get all orders > 500 > application/json - Expected 500
2025-08-04T12:03:31.676Z Skipping /orders > Get all orders > 500 > application/json → Expected 500
2025-08-04T12:03:31.679Z Signed request for /orders > Create a new order > 201 > application/json
2025-08-04T12:03:33.305Z Transaction: /orders > Create a new order > 201 > application/json - Expected 201
2025-08-04T12:03:33.306Z Signed request for /orders > Create a new order > 400 > application/json
2025-08-04T12:03:33.561Z Transaction: /orders > Create a new order > 400 > application/json - Expected 400
2025-08-04T12:05:05.640Z Signed request for /orders > Get all orders > 200 > application/json
2025-08-04T12:05:07.696Z Transaction: /orders > Get all orders > 200 > application/json - Expected 200
2025-08-04T12:05:07.699Z Signed request for /orders > Get all orders > 500 > application/json
2025-08-04T12:05:07.959Z Transaction: /orders > Get all orders > 500 > application/json - Expected 500
2025-08-04T12:05:07.959Z Skipping /orders > Get all orders > 500 > application/json → Expected 500
2025-08-04T12:05:07.962Z Signed request for /orders > Create a new order > 201 > application/json
2025-08-04T12:05:10.025Z Transaction: /orders > Create a new order > 201 > application/json - Expected 201
2025-08-04T12:05:10.027Z Signed request for /orders > Create a new order > 400 > application/json
2025-08-04T12:05:10.319Z Transaction: /orders > Create a new order > 400 > application/json - Expected 400
2025-08-04T12:09:08.034Z Signed request for /orders > Get all orders > 200 > application/json
2025-08-04T12:09:09.265Z Transaction: /orders > Get all orders > 200 > application/json - Expected 200
2025-08-04T12:09:09.268Z Signed request for /orders > Get all orders > 500 > application/json
2025-08-04T12:09:09.749Z Transaction: /orders > Get all orders > 500 > application/json - Expected 500
2025-08-04T12:09:09.749Z Skipping /orders > Get all orders > 500 > application/json → Expected 500
2025-08-04T12:09:09.751Z Signed request for /orders > Create a new order > 201 > application/json
2025-08-04T12:09:10.152Z Transaction: /orders > Create a new order > 201 > application/json - Expected 201
2025-08-04T12:09:10.154Z Signed request for /orders > Create a new order > 400 > application/json
2025-08-04T12:09:10.411Z Transaction: /orders > Create a new order > 400 > application/json - Expected 400
2025-08-04T12:14:48.320Z Signed request for /orders > Get all orders > 200 > application/json
2025-08-04T12:14:49.220Z Transaction: /orders > Get all orders > 200 > application/json - Expected 200
2025-08-04T12:14:49.222Z Signed request for /orders > Get all orders > 500 > application/json
2025-08-04T12:14:49.614Z Transaction: /orders > Get all orders > 500 > application/json - Expected 500
2025-08-04T12:14:49.614Z Skipping /orders > Get all orders > 500 > application/json → Expected 500
2025-08-04T12:14:49.616Z Signed request for /orders > Create a new order > 201 > application/json
2025-08-04T12:14:51.625Z Transaction: /orders > Create a new order > 201 > application/json - Expected 201
2025-08-04T12:14:51.627Z Signed request for /orders > Create a new order > 400 > application/json
2025-08-04T12:14:51.888Z Transaction: /orders > Create a new order > 400 > application/json - Expected 400
2025-08-04T12:18:41.622Z Signed request for /orders > Get all orders > 200 > application/json
2025-08-04T12:18:42.105Z Transaction: /orders > Get all orders > 200 > application/json - Expected 200
2025-08-04T12:18:42.107Z Signed request for /orders > Get all orders > 500 > application/json
2025-08-04T12:18:42.432Z Transaction: /orders > Get all orders > 500 > application/json - Expected 500
2025-08-04T12:18:42.432Z Skipping /orders > Get all orders > 500 > application/json → Expected 500
2025-08-04T12:18:42.435Z Signed request for /orders > Create a new order > 201 > application/json
2025-08-04T12:18:42.840Z Transaction: /orders > Create a new order > 201 > application/json - Expected 201
2025-08-04T12:18:42.842Z Signed request for /orders > Create a new order > 400 > application/json
2025-08-04T12:18:43.141Z Transaction: /orders > Create a new order > 400 > application/json - Expected 400
2025-08-04T12:19:45.735Z Signed request for /orders > Get all orders > 200 > application/json
2025-08-04T12:19:46.783Z Transaction: /orders > Get all orders > 200 > application/json - Expected 200
2025-08-04T12:19:46.785Z Signed request for /orders > Get all orders > 500 > application/json
2025-08-04T12:19:47.280Z Transaction: /orders > Get all orders > 500 > application/json - Expected 500
2025-08-04T12:19:47.280Z Skipping /orders > Get all orders > 500 > application/json → Expected 500
2025-08-04T12:19:47.282Z Signed request for /orders > Create a new order > 201 > application/json
2025-08-04T12:19:48.007Z Transaction: /orders > Create a new order > 201 > application/json - Expected 201
2025-08-04T12:19:48.009Z Signed request for /orders > Create a new order > 400 > application/json
2025-08-04T12:19:48.299Z Transaction: /orders > Create a new order > 400 > application/json - Expected 400
2025-08-04T15:10:47.876Z Signed request for /orders > Get all orders > 200 > application/json
2025-08-04T15:10:50.033Z Transaction: /orders > Get all orders > 200 > application/json - Expected 200
2025-08-04T15:10:50.037Z Signed request for /orders > Get all orders > 500 > application/json
2025-08-04T15:10:50.326Z Transaction: /orders > Get all orders > 500 > application/json - Expected 500
2025-08-04T15:10:50.326Z Skipping /orders > Get all orders > 500 > application/json → Expected 500
2025-08-04T15:10:50.334Z Signed request for /orders > Create a new order > 201 > application/json
2025-08-04T15:10:52.359Z Transaction: /orders > Create a new order > 201 > application/json - Expected 201
2025-08-04T15:10:52.363Z Signed request for /orders > Create a new order > 400 > application/json
2025-08-04T15:10:52.589Z Transaction: /orders > Create a new order > 400 > application/json - Expected 400
2025-08-07T08:23:56.735Z Signed request for /orders > Get all orders > 200 > application/json
2025-08-07T08:23:58.781Z Transaction: /orders > Get all orders > 200 > application/json - Expected 200
2025-08-07T08:23:58.788Z Signed request for /orders > Get all orders > 500 > application/json
2025-08-07T08:23:59.050Z Transaction: /orders > Get all orders > 500 > application/json - Expected 500
2025-08-07T08:23:59.050Z Skipping /orders > Get all orders > 500 > application/json → Expected 500
2025-08-07T08:23:59.053Z Signed request for /orders > Create a new order > 201 > application/json
2025-08-07T08:24:00.934Z Transaction: /orders > Create a new order > 201 > application/json - Expected 201
2025-08-07T08:24:00.936Z Signed request for /orders > Create a new order > 400 > application/json
2025-08-07T08:24:01.152Z Transaction: /orders > Create a new order > 400 > application/json - Expected 400
